<?xml version="1.0" encoding="UTF-8"?>
<testsuite xmlns:xsi="http://www.w3.org/2001/XMLSchema-instance" xsi:noNamespaceSchemaLocation="https://maven.apache.org/surefire/maven-surefire-plugin/xsd/surefire-test-report.xsd" version="3.0.2" name="cpsc326.SemanticCheckerTests" time="0.169" tests="149" errors="0" skipped="0" failures="0">
  <properties>
    <property name="java.specification.version" value="22"/>
    <property name="sun.cpu.isalist" value="amd64"/>
    <property name="sun.jnu.encoding" value="Cp1252"/>
    <property name="java.class.path" value="C:\Users\Charles Bennington\Documents\GitHub\OPL-hw-3\project-cbennington852\target\test-classes;C:\Users\Charles Bennington\Documents\GitHub\OPL-hw-3\project-cbennington852\target\classes;C:\Users\Charles Bennington\.m2\repository\org\junit\jupiter\junit-jupiter\5.10.3\junit-jupiter-5.10.3.jar;C:\Users\Charles Bennington\.m2\repository\org\junit\jupiter\junit-jupiter-api\5.10.3\junit-jupiter-api-5.10.3.jar;C:\Users\Charles Bennington\.m2\repository\org\opentest4j\opentest4j\1.3.0\opentest4j-1.3.0.jar;C:\Users\Charles Bennington\.m2\repository\org\junit\platform\junit-platform-commons\1.10.3\junit-platform-commons-1.10.3.jar;C:\Users\Charles Bennington\.m2\repository\org\apiguardian\apiguardian-api\1.1.2\apiguardian-api-1.1.2.jar;C:\Users\Charles Bennington\.m2\repository\org\junit\jupiter\junit-jupiter-params\5.10.3\junit-jupiter-params-5.10.3.jar;C:\Users\Charles Bennington\.m2\repository\org\junit\jupiter\junit-jupiter-engine\5.10.3\junit-jupiter-engine-5.10.3.jar;C:\Users\Charles Bennington\.m2\repository\org\junit\platform\junit-platform-engine\1.10.3\junit-platform-engine-1.10.3.jar;C:\Users\Charles Bennington\.m2\repository\net\sourceforge\argparse4j\argparse4j\0.9.0\argparse4j-0.9.0.jar;"/>
    <property name="java.vm.vendor" value="Oracle Corporation"/>
    <property name="sun.arch.data.model" value="64"/>
    <property name="user.variant" value=""/>
    <property name="java.vendor.url" value="https://java.oracle.com/"/>
    <property name="user.timezone" value="America/Los_Angeles"/>
    <property name="os.name" value="Windows 11"/>
    <property name="java.vm.specification.version" value="22"/>
    <property name="sun.java.launcher" value="SUN_STANDARD"/>
    <property name="user.country" value="US"/>
    <property name="sun.boot.library.path" value="C:\Program Files\Java\jdk-22\bin"/>
    <property name="sun.java.command" value="C:\Users\Charles Bennington\AppData\Local\Temp\surefire8615276251574886030\surefirebooter-20250412161858189_3.jar C:\Users\Charles Bennington\AppData\Local\Temp\surefire8615276251574886030 2025-04-12T16-18-58_078-jvmRun1 surefire-20250412161858189_1tmp surefire_0-20250412161858189_2tmp"/>
    <property name="jdk.debug" value="release"/>
    <property name="surefire.test.class.path" value="C:\Users\Charles Bennington\Documents\GitHub\OPL-hw-3\project-cbennington852\target\test-classes;C:\Users\Charles Bennington\Documents\GitHub\OPL-hw-3\project-cbennington852\target\classes;C:\Users\Charles Bennington\.m2\repository\org\junit\jupiter\junit-jupiter\5.10.3\junit-jupiter-5.10.3.jar;C:\Users\Charles Bennington\.m2\repository\org\junit\jupiter\junit-jupiter-api\5.10.3\junit-jupiter-api-5.10.3.jar;C:\Users\Charles Bennington\.m2\repository\org\opentest4j\opentest4j\1.3.0\opentest4j-1.3.0.jar;C:\Users\Charles Bennington\.m2\repository\org\junit\platform\junit-platform-commons\1.10.3\junit-platform-commons-1.10.3.jar;C:\Users\Charles Bennington\.m2\repository\org\apiguardian\apiguardian-api\1.1.2\apiguardian-api-1.1.2.jar;C:\Users\Charles Bennington\.m2\repository\org\junit\jupiter\junit-jupiter-params\5.10.3\junit-jupiter-params-5.10.3.jar;C:\Users\Charles Bennington\.m2\repository\org\junit\jupiter\junit-jupiter-engine\5.10.3\junit-jupiter-engine-5.10.3.jar;C:\Users\Charles Bennington\.m2\repository\org\junit\platform\junit-platform-engine\1.10.3\junit-platform-engine-1.10.3.jar;C:\Users\Charles Bennington\.m2\repository\net\sourceforge\argparse4j\argparse4j\0.9.0\argparse4j-0.9.0.jar;"/>
    <property name="sun.cpu.endian" value="little"/>
    <property name="user.home" value="C:\Users\Charles Bennington"/>
    <property name="user.language" value="en"/>
    <property name="java.specification.vendor" value="Oracle Corporation"/>
    <property name="java.version.date" value="2024-04-16"/>
    <property name="java.home" value="C:\Program Files\Java\jdk-22"/>
    <property name="file.separator" value="\"/>
    <property name="basedir" value="C:\Users\Charles Bennington\Documents\GitHub\OPL-hw-3\project-cbennington852"/>
    <property name="java.vm.compressedOopsMode" value="Zero based"/>
    <property name="line.separator" value="&#10;"/>
    <property name="java.vm.specification.vendor" value="Oracle Corporation"/>
    <property name="java.specification.name" value="Java Platform API Specification"/>
    <property name="surefire.real.class.path" value="C:\Users\Charles Bennington\AppData\Local\Temp\surefire8615276251574886030\surefirebooter-20250412161858189_3.jar"/>
    <property name="user.script" value=""/>
    <property name="sun.management.compiler" value="HotSpot 64-Bit Tiered Compilers"/>
    <property name="java.runtime.version" value="22.0.1+8-16"/>
    <property name="user.name" value="Charles Bennington"/>
    <property name="stdout.encoding" value="Cp1252"/>
    <property name="path.separator" value=";"/>
    <property name="os.version" value="10.0"/>
    <property name="java.runtime.name" value="Java(TM) SE Runtime Environment"/>
    <property name="file.encoding" value="UTF-8"/>
    <property name="java.vm.name" value="Java HotSpot(TM) 64-Bit Server VM"/>
    <property name="localRepository" value="C:\Users\Charles Bennington\.m2\repository"/>
    <property name="java.vendor.url.bug" value="https://bugreport.java.com/bugreport/"/>
    <property name="java.io.tmpdir" value="C:\Users\CHARLE~1\AppData\Local\Temp\"/>
    <property name="java.version" value="22.0.1"/>
    <property name="user.dir" value="C:\Users\Charles Bennington\Documents\GitHub\OPL-hw-3\project-cbennington852"/>
    <property name="os.arch" value="amd64"/>
    <property name="java.vm.specification.name" value="Java Virtual Machine Specification"/>
    <property name="sun.os.patch.level" value=""/>
    <property name="native.encoding" value="Cp1252"/>
    <property name="java.library.path" value="C:\Program Files\Java\jdk-22\bin;C:\WINDOWS\Sun\Java\bin;C:\WINDOWS\system32;C:\WINDOWS;C:\Users\Charles Bennington\bin;C:\Program Files\Git\mingw64\bin;C:\Program Files\Git\usr\local\bin;C:\Program Files\Git\usr\bin;C:\Program Files\Git\usr\bin;C:\Program Files\Git\mingw64\bin;C:\Program Files\Git\usr\bin;C:\Users\Charles Bennington\bin;C:\Program Files\Common Files\Oracle\Java\javapath;C:\Program Files (x86)\Common Files\Oracle\Java\java8path;C:\Program Files (x86)\Common Files\Oracle\Java\javapath;C:\Windows\system32;C:\Windows;C:\Windows\System32\Wbem;C:\Windows\System32\WindowsPowerShell\v1.0;C:\Windows\System32\OpenSSH;C:\Program Files (x86)\NVIDIA Corporation\PhysX\Common;C:\Program Files\NVIDIA Corporation\NVIDIA NvDLISR;C:\Program Files\dotnet;C:\WINDOWS\system32;C:\WINDOWS;C:\WINDOWS\System32\Wbem;C:\WINDOWS\System32\WindowsPowerShell\v1.0;C:\WINDOWS\System32\OpenSSH;C:\Program Files\nodejs;C:\Program Files\Git\cmd;C:\Program Files\PostgreSQL\17\bin;C:\Program Files\PostgreSQL\17\lib;C:\Users\Charles Bennington\Downloads\apache-maven-3.9.9-bin\apache-maven-3.9.9\bin;C:\Program Files\PuTTY;C:\Users\Charles Bennington\AppData\Local\Programs\Python\Python311\Scripts;C:\Users\Charles Bennington\AppData\Local\Programs\Python\Python311;C:\Users\Charles Bennington\AppData\Local\Microsoft\WindowsApps;C:\Users\Charles Bennington\AppData\Roaming\npm;C:\Users\Charles Bennington\AppData\Local\GitHubDesktop\bin;C:\msys64\ucrt64\bin;C:\Program Files\JetBrains\PyCharm Community Edition 2024.1.4\bin;C:\Program Files\JetBrains\CLion 2024.2.0.1\bin;C:\Program Files\JetBrains\PhpStorm 2024.2.0.1\bin;C:\Users\Charles Bennington\AppData\Local\Programs\Microsoft VS Code\bin;C:\Program Files\JetBrains\WebStorm 2024.2.3\bin;C:\Program Files\Git\usr\bin\vendor_perl;C:\Program Files\Git\usr\bin\core_perl;."/>
    <property name="java.vm.info" value="mixed mode, sharing"/>
    <property name="stderr.encoding" value="Cp1252"/>
    <property name="java.vendor" value="Oracle Corporation"/>
    <property name="java.vm.version" value="22.0.1+8-16"/>
    <property name="sun.io.unicode.encoding" value="UnicodeLittle"/>
    <property name="java.class.version" value="66.0"/>
  </properties>
  <testcase name="illegalNonNullReturn" classname="cpsc326.SemanticCheckerTests" time="0.009"/>
  <testcase name="validInferedTypeVarStatements" classname="cpsc326.SemanticCheckerTests" time="0.0"/>
  <testcase name="basicIfStatements" classname="cpsc326.SemanticCheckerTests" time="0.0"/>
  <testcase name="badArrayAssignment" classname="cpsc326.SemanticCheckerTests" time="0.002"/>
  <testcase name="exprWithParens" classname="cpsc326.SemanticCheckerTests" time="0.0"/>
  <testcase name="illegalNonBoolElseIfCondition" classname="cpsc326.SemanticCheckerTests" time="0.001"/>
  <testcase name="lvalueWithWrongType" classname="cpsc326.SemanticCheckerTests" time="0.001"/>
  <testcase name="assignmentWithArrayTypeMismatch" classname="cpsc326.SemanticCheckerTests" time="0.0"/>
  <testcase name="nullPath" classname="cpsc326.SemanticCheckerTests" time="0.0"/>
  <testcase name="basicReadlnCalls" classname="cpsc326.SemanticCheckerTests" time="0.0"/>
  <testcase name="static1" classname="cpsc326.SemanticCheckerTests" time="0.0"/>
  <testcase name="static2" classname="cpsc326.SemanticCheckerTests" time="0.001"/>
  <testcase name="static3" classname="cpsc326.SemanticCheckerTests" time="0.001"/>
  <testcase name="static4" classname="cpsc326.SemanticCheckerTests" time="0.0"/>
  <testcase name="static5" classname="cpsc326.SemanticCheckerTests" time="0.001"/>
  <testcase name="static6" classname="cpsc326.SemanticCheckerTests" time="0.001"/>
  <testcase name="static7" classname="cpsc326.SemanticCheckerTests" time="0.001"/>
  <testcase name="static8" classname="cpsc326.SemanticCheckerTests" time="0.001"/>
  <testcase name="static9" classname="cpsc326.SemanticCheckerTests" time="0.0"/>
  <testcase name="createArrayWithMismatchedBaseType" classname="cpsc326.SemanticCheckerTests" time="0.01"/>
  <testcase name="getTooManyArgs" classname="cpsc326.SemanticCheckerTests" time="0.002"/>
  <testcase name="illegalBoolArrayWhileCondition" classname="cpsc326.SemanticCheckerTests" time="0.001"/>
  <testcase name="basicStructCreation" classname="cpsc326.SemanticCheckerTests" time="0.0"/>
  <testcase name="illegalLogicalOrWithString" classname="cpsc326.SemanticCheckerTests" time="0.006"/>
  <testcase name="printlnTooFewArgs" classname="cpsc326.SemanticCheckerTests" time="0.001"/>
  <testcase name="basicForStatements" classname="cpsc326.SemanticCheckerTests" time="0.0"/>
  <testcase name="rvalueWithBadArrayType" classname="cpsc326.SemanticCheckerTests" time="0.013"/>
  <testcase name="mainWithParams" classname="cpsc326.SemanticCheckerTests" time="0.001"/>
  <testcase name="dblValWrongReturnType" classname="cpsc326.SemanticCheckerTests" time="0.001"/>
  <testcase name="basicCastFunctionCalls" classname="cpsc326.SemanticCheckerTests" time="0.0"/>
  <testcase name="getWrongReturnType" classname="cpsc326.SemanticCheckerTests" time="0.001"/>
  <testcase name="illegalNullIfCondition" classname="cpsc326.SemanticCheckerTests" time="0.001"/>
  <testcase name="callWithTooManyArgs" classname="cpsc326.SemanticCheckerTests" time="0.001"/>
  <testcase name="illegalBoolArrayIfCondition" classname="cpsc326.SemanticCheckerTests" time="0.001"/>
  <testcase name="illegalArrayRelationalComparison" classname="cpsc326.SemanticCheckerTests" time="0.001"/>
  <testcase name="basicWhileStatements" classname="cpsc326.SemanticCheckerTests" time="0.001"/>
  <testcase name="combinedRelationalOperators" classname="cpsc326.SemanticCheckerTests" time="0.0"/>
  <testcase name="functionWithTwoSameNamedParams" classname="cpsc326.SemanticCheckerTests" time="0.001"/>
  <testcase name="structsMutualReference" classname="cpsc326.SemanticCheckerTests" time="0.001"/>
  <testcase name="structCreationTooManyArgs" classname="cpsc326.SemanticCheckerTests" time="0.001"/>
  <testcase name="illegalLogicalNegationWithInt" classname="cpsc326.SemanticCheckerTests" time="0.001"/>
  <testcase name="dblValWrongArgType" classname="cpsc326.SemanticCheckerTests" time="0.002"/>
  <testcase name="structCreationTooFewArgs" classname="cpsc326.SemanticCheckerTests" time="0.001"/>
  <testcase name="mismatchedNonArrayIntVarStatementTypes" classname="cpsc326.SemanticCheckerTests" time="0.001"/>
  <testcase name="assignmentWithBaseTypeMismatch" classname="cpsc326.SemanticCheckerTests" time="0.001"/>
  <testcase name="basicGetFunctionCalls" classname="cpsc326.SemanticCheckerTests" time="0.0"/>
  <testcase name="illegalNullInForFrom" classname="cpsc326.SemanticCheckerTests" time="0.002"/>
  <testcase name="sizeTooManyArgs" classname="cpsc326.SemanticCheckerTests" time="0.001"/>
  <testcase name="callWithWrongNonArrayArgType" classname="cpsc326.SemanticCheckerTests" time="0.001"/>
  <testcase name="printArrayObject" classname="cpsc326.SemanticCheckerTests" time="0.001"/>
  <testcase name="functionWithStructParam" classname="cpsc326.SemanticCheckerTests" time="0.0"/>
  <testcase name="doubleStructParams" classname="cpsc326.SemanticCheckerTests" time="0.001"/>
  <testcase name="redefinedBuiltIn" classname="cpsc326.SemanticCheckerTests" time="0.001"/>
  <testcase name="functionWithBadReturnType" classname="cpsc326.SemanticCheckerTests" time="0.001"/>
  <testcase name="printlnArrayObject" classname="cpsc326.SemanticCheckerTests" time="0.001"/>
  <testcase name="functionWithBadArrayParameterType" classname="cpsc326.SemanticCheckerTests" time="0.001"/>
  <testcase name="callWithTooFewArgs" classname="cpsc326.SemanticCheckerTests" time="0.001"/>
  <testcase name="illegalAdditionWithIntAndArray" classname="cpsc326.SemanticCheckerTests" time="0.001"/>
  <testcase name="functionWithBadParameterType" classname="cpsc326.SemanticCheckerTests" time="0.001"/>
  <testcase name="basicAssignmentStatements" classname="cpsc326.SemanticCheckerTests" time="0.0"/>
  <testcase name="exprWithNoParens" classname="cpsc326.SemanticCheckerTests" time="0.001"/>
  <testcase name="lvalueWithCorrectType" classname="cpsc326.SemanticCheckerTests" time="0.0"/>
  <testcase name="printStructObject" classname="cpsc326.SemanticCheckerTests" time="0.001"/>
  <testcase name="structCreationWrongArgType" classname="cpsc326.SemanticCheckerTests" time="0.001"/>
  <testcase name="basicSizeFunctionCalls" classname="cpsc326.SemanticCheckerTests" time="0.001"/>
  <testcase name="illegalMultiplication" classname="cpsc326.SemanticCheckerTests" time="0.001"/>
  <testcase name="illegalLogicalAndWithInt" classname="cpsc326.SemanticCheckerTests" time="0.001"/>
  <testcase name="illegalNonArrayRelationalComparison" classname="cpsc326.SemanticCheckerTests" time="0.001"/>
  <testcase name="sizeWrongReturnType" classname="cpsc326.SemanticCheckerTests" time="0.001"/>
  <testcase name="intValTooFewArgs" classname="cpsc326.SemanticCheckerTests" time="0.001"/>
  <testcase name="validFullBaseTypeArrayVarStatements" classname="cpsc326.SemanticCheckerTests" time="0.001"/>
  <testcase name="callWithTwoParamsAndTooManyArgs" classname="cpsc326.SemanticCheckerTests" time="0.0"/>
  <testcase name="oneIllegalExecutionPath" classname="cpsc326.SemanticCheckerTests" time="0.0"/>
  <testcase name="basicFunctionCalls" classname="cpsc326.SemanticCheckerTests" time="0.0"/>
  <testcase name="basicStructPathExamples" classname="cpsc326.SemanticCheckerTests" time="0.0"/>
  <testcase name="twoFunctionsWithSameName" classname="cpsc326.SemanticCheckerTests" time="0.001"/>
  <testcase name="badArrayAccessNull" classname="cpsc326.SemanticCheckerTests" time="0.001"/>
  <testcase name="getWrongSecondArgType" classname="cpsc326.SemanticCheckerTests" time="0.0"/>
  <testcase name="illegalArrayWithAddition" classname="cpsc326.SemanticCheckerTests" time="0.001"/>
  <testcase name="arrayAccess" classname="cpsc326.SemanticCheckerTests" time="0.001"/>
  <testcase name="smallestValidProgram" classname="cpsc326.SemanticCheckerTests" time="0.0"/>
  <testcase name="illegalLifetimeinElse" classname="cpsc326.SemanticCheckerTests" time="0.001"/>
  <testcase name="strValTooManyArgs" classname="cpsc326.SemanticCheckerTests" time="0.001"/>
  <testcase name="mismatchedNonArrayDoubleVarStatementTypes" classname="cpsc326.SemanticCheckerTests" time="0.001"/>
  <testcase name="getWrongFirstArgType" classname="cpsc326.SemanticCheckerTests" time="0.001"/>
  <testcase name="basicRelationalOperators" classname="cpsc326.SemanticCheckerTests" time="0.0"/>
  <testcase name="getTooFewArgs" classname="cpsc326.SemanticCheckerTests" time="0.001"/>
  <testcase name="illegalNonBoolIfCondition" classname="cpsc326.SemanticCheckerTests" time="0.001"/>
  <testcase name="callToUndeclaredFunction" classname="cpsc326.SemanticCheckerTests" time="0.0"/>
  <testcase name="strValTooFewArgs" classname="cpsc326.SemanticCheckerTests" time="0.0"/>
  <testcase name="illegalAdditionUsingBools" classname="cpsc326.SemanticCheckerTests" time="0.001"/>
  <testcase name="rvalueWithCorrectArrayType" classname="cpsc326.SemanticCheckerTests" time="0.0"/>
  <testcase name="printTooFewArgs" classname="cpsc326.SemanticCheckerTests" time="0.001"/>
  <testcase name="illegalSubtractionWithNull" classname="cpsc326.SemanticCheckerTests" time="0.001"/>
  <testcase name="exprWithParensAndVars" classname="cpsc326.SemanticCheckerTests" time="0.001"/>
  <testcase name="callWithWrongArrayReturnType" classname="cpsc326.SemanticCheckerTests" time="0.0"/>
  <testcase name="structWithTwoFieldsHavingSameName" classname="cpsc326.SemanticCheckerTests" time="0.0"/>
  <testcase name="intValWrongReturnType" classname="cpsc326.SemanticCheckerTests" time="0.002"/>
  <testcase name="doublePath" classname="cpsc326.SemanticCheckerTests" time="0.0"/>
  <testcase name="arrayCreation" classname="cpsc326.SemanticCheckerTests" time="0.001"/>
  <testcase name="readlnWrongReturnType" classname="cpsc326.SemanticCheckerTests" time="0.001"/>
  <testcase name="assignmentWithBaseTypeToArrayTypeMismatch" classname="cpsc326.SemanticCheckerTests" time="0.001"/>
  <testcase name="rvalueWithCorrectType" classname="cpsc326.SemanticCheckerTests" time="0.001"/>
  <testcase name="callWithWrongNonArrayReturnType" classname="cpsc326.SemanticCheckerTests" time="0.001"/>
  <testcase name="illegalBoolInForFrom" classname="cpsc326.SemanticCheckerTests" time="0.001"/>
  <testcase name="printlnStructObject" classname="cpsc326.SemanticCheckerTests" time="0.001"/>
  <testcase name="readlnTooManyArgs" classname="cpsc326.SemanticCheckerTests" time="0.002"/>
  <testcase name="illegalDoubleInForTo" classname="cpsc326.SemanticCheckerTests" time="0.001"/>
  <testcase name="strValWrongArgType" classname="cpsc326.SemanticCheckerTests" time="0.001"/>
  <testcase name="basicFunctionReturnStatements" classname="cpsc326.SemanticCheckerTests" time="0.0"/>
  <testcase name="badArrayAccess" classname="cpsc326.SemanticCheckerTests" time="0.001"/>
  <testcase name="mismatchedArrayIntVarStatementTypes" classname="cpsc326.SemanticCheckerTests" time="0.001"/>
  <testcase name="illegalLifetimeAfterWhile" classname="cpsc326.SemanticCheckerTests" time="0.001"/>
  <testcase name="callWithTwoParamsaAndTooFewArgs" classname="cpsc326.SemanticCheckerTests" time="0.001"/>
  <testcase name="dblValTooFewArgs" classname="cpsc326.SemanticCheckerTests" time="0.001"/>
  <testcase name="missingMain" classname="cpsc326.SemanticCheckerTests" time="0.001"/>
  <testcase name="structVoidTypeParams" classname="cpsc326.SemanticCheckerTests" time="0.0"/>
  <testcase name="localShadow" classname="cpsc326.SemanticCheckerTests" time="0.0"/>
  <testcase name="structSelfReference" classname="cpsc326.SemanticCheckerTests" time="0.0"/>
  <testcase name="twoStructsWithSameName" classname="cpsc326.SemanticCheckerTests" time="0.001"/>
  <testcase name="intValTooManyArgs" classname="cpsc326.SemanticCheckerTests" time="0.001"/>
  <testcase name="illegalIntWhileCondition" classname="cpsc326.SemanticCheckerTests" time="0.0"/>
  <testcase name="sizeTooFewArgs" classname="cpsc326.SemanticCheckerTests" time="0.0"/>
  <testcase name="basicPrintCalls" classname="cpsc326.SemanticCheckerTests" time="0.001"/>
  <testcase name="validFunctionDefs" classname="cpsc326.SemanticCheckerTests" time="0.0"/>
  <testcase name="rvalueWithWrongType" classname="cpsc326.SemanticCheckerTests" time="0.001"/>
  <testcase name="callWithWrongArrayArgType" classname="cpsc326.SemanticCheckerTests" time="0.001"/>
  <testcase name="arrayComparisons" classname="cpsc326.SemanticCheckerTests" time="0.0"/>
  <testcase name="createArrayWithMismatchedStructType" classname="cpsc326.SemanticCheckerTests" time="0.001"/>
  <testcase name="illegalLifetimeAfterFor" classname="cpsc326.SemanticCheckerTests" time="0.001"/>
  <testcase name="dblValTooManyArgs" classname="cpsc326.SemanticCheckerTests" time="0.0"/>
  <testcase name="validFullBaseTypeVarStatements" classname="cpsc326.SemanticCheckerTests" time="0.0"/>
  <testcase name="illegalShadowing" classname="cpsc326.SemanticCheckerTests" time="0.001"/>
  <testcase name="structWithUndefinedFieldType" classname="cpsc326.SemanticCheckerTests" time="0.001"/>
  <testcase name="validVarStatementsWithoutDefs" classname="cpsc326.SemanticCheckerTests" time="0.0"/>
  <testcase name="functionWithBadArrayReturnType" classname="cpsc326.SemanticCheckerTests" time="0.001"/>
  <testcase name="printTooManyArgs" classname="cpsc326.SemanticCheckerTests" time="0.001"/>
  <testcase name="unableToInferType" classname="cpsc326.SemanticCheckerTests" time="0.0"/>
  <testcase name="basicAllowedShadowing" classname="cpsc326.SemanticCheckerTests" time="0.0"/>
  <testcase name="printlnTooManyArgs" classname="cpsc326.SemanticCheckerTests" time="0.001"/>
  <testcase name="intValWrongArgType" classname="cpsc326.SemanticCheckerTests" time="0.0"/>
  <testcase name="validStructDefs" classname="cpsc326.SemanticCheckerTests" time="0.0"/>
  <testcase name="lvalueWithBadArrayType" classname="cpsc326.SemanticCheckerTests" time="0.001"/>
  <testcase name="structAndFunctionWithSameName" classname="cpsc326.SemanticCheckerTests" time="0.0"/>
  <testcase name="sizeWrongArgType" classname="cpsc326.SemanticCheckerTests" time="0.001"/>
  <testcase name="strValWrongReturnType" classname="cpsc326.SemanticCheckerTests" time="0.0"/>
  <testcase name="mainWithWrongReturnType" classname="cpsc326.SemanticCheckerTests" time="0.001"/>
  <testcase name="callWithWrongArrayArgToNonArrayParamType" classname="cpsc326.SemanticCheckerTests" time="0.001"/>
  <testcase name="basicAssignmentToNull" classname="cpsc326.SemanticCheckerTests" time="0.001"/>
</testsuite>